Arguments: 
  C:\Program Files (x86)\nodejs\node.exe C:\Users\Avanti\AppData\Local\Yarn\Data\global\node_modules\yarn\bin\yarn.js --non-interactive --ignore-engines

PATH: 
  C:\Users\Avanti\bin;C:\Program Files\Git\mingw64\bin;C:\Program Files\Git\usr\local\bin;C:\Program Files\Git\usr\bin;C:\Program Files\Git\usr\bin;C:\Program Files\Git\mingw64\bin;C:\Program Files\Git\usr\bin;C:\Users\Avanti\bin;C:\Windows\system32;C:\Windows;C:\Windows\System32\Wbem;C:\Windows\System32\WindowsPowerShell\v1.0;C:\Windows\System32\OpenSSH;C:\Program Files (x86)\NVIDIA Corporation\PhysX\Common;C:\Program Files\NVIDIA Corporation\NVIDIA NvDLISR;C:\Program Files (x86)\nodejs;C:\Program Files\Git\cmd;C:\Program Files (x86)\Yarn\bin;C:\WINDOWS\system32;C:\WINDOWS;C:\WINDOWS\System32\Wbem;C:\WINDOWS\System32\WindowsPowerShell\v1.0;C:\WINDOWS\System32\OpenSSH;C:\Program Files\MongoDB\Server\5.0\bin;C:\Users\Avanti\AppData\Local\Microsoft\WindowsApps;C:\Users\Avanti\AppData\Local\Programs\Microsoft VS Code\bin;C:\Users\Avanti\AppData\Roaming\npm;C:\Windows\system3;C:\Windows;C:\Windows\System32\Wbem;C:\Windows\System32\WindowsPowerShell\v1.0;C:\Windows\System32\OpenSSH;C:\Program Files (x86)\NVIDIA Corporation\PhysX\Common;C:\Program Files\NVIDIA Corporation\NVIDIA NvDLISR;C:\Program Files (x86)\nodejs;C:\Program Files\Git\cmd;C:\Program Files (x86)\Yarn\bin;C:\WINDOWS\system32;C:\WINDOWS;C:\WINDOWS\System32\Wbem;C:\WINDOWS\System32\WindowsPowerShell\v1.0;C:\WINDOWS\System32\OpenSSH;C:\Program Files\MongoDB\Server\5.0\bin;C:\Program Files\nodejs";C:\Users\Avanti\Desktop\Projetos\vtexio-mundodoenxoval;C:\Users\Avanti\AppData\Local\Yarn\bin;C:\Program Files\Git\usr\bin\vendor_perl;C:\Program Files\Git\usr\bin\core_perl

Yarn version: 
  1.22.10

Node version: 
  14.17.0

Platform: 
  win32 ia32

Trace: 
  Error: https://brofitweario--brofitwear.myvtex.com/_v/private/typings/linked/v1/brofitwear.store-theme@5.1.0+build1663978872/public/@types/brofitwear.store-theme: Request failed "500 Internal Server Error"
      at ResponseError.ExtendableBuiltin (C:\Users\Avanti\AppData\Local\Yarn\Data\global\node_modules\yarn\lib\cli.js:696:66)
      at new ResponseError (C:\Users\Avanti\AppData\Local\Yarn\Data\global\node_modules\yarn\lib\cli.js:802:124)
      at Request.<anonymous> (C:\Users\Avanti\AppData\Local\Yarn\Data\global\node_modules\yarn\lib\cli.js:67058:16)
      at Request.emit (events.js:376:20)
      at Request.module.exports.Request.onRequestResponse (C:\Users\Avanti\AppData\Local\Yarn\Data\global\node_modules\yarn\lib\cli.js:141539:10)
      at ClientRequest.emit (events.js:376:20)
      at HTTPParser.parserOnIncomingClient (_http_client.js:647:27)
      at HTTPParser.parserOnHeadersComplete (_http_common.js:126:17)
      at TLSSocket.socketOnData (_http_client.js:515:22)
      at TLSSocket.emit (events.js:376:20)

npm manifest: 
  {
    "name": "react",
    "version": "1.0.0",
    "description": "",
    "main": "index.js",
    "devDependencies": {
      "brofitwear.store-theme": "https://brofitweario--brofitwear.myvtex.com/_v/private/typings/linked/v1/brofitwear.store-theme@5.1.0+build1663978872/public/@types/brofitwear.store-theme",
      "vtex.add-to-cart-button": "http://vtex.vtexassets.com/_v/public/typings/v1/vtex.add-to-cart-button@0.28.0/public/@types/vtex.add-to-cart-button",
      "vtex.breadcrumb": "http://vtex.vtexassets.com/_v/public/typings/v1/vtex.breadcrumb@1.9.4/public/@types/vtex.breadcrumb",
      "vtex.checkout-summary": "http://vtex.vtexassets.com/_v/public/typings/v1/vtex.checkout-summary@0.21.0/public/@types/vtex.checkout-summary",
      "vtex.css-handles": "http://vtex.vtexassets.com/_v/public/typings/v1/vtex.css-handles@1.0.0/public/@types/vtex.css-handles",
      "vtex.flex-layout": "http://vtex.vtexassets.com/_v/public/typings/v1/vtex.flex-layout@0.20.1/public/@types/vtex.flex-layout",
      "vtex.login": "http://vtex.vtexassets.com/_v/public/typings/v1/vtex.login@2.53.0/public/@types/vtex.login",
      "vtex.menu": "http://vtex.vtexassets.com/_v/public/typings/v1/vtex.menu@2.34.25/public/@types/vtex.menu",
      "vtex.minicart": "http://vtex.vtexassets.com/_v/public/typings/v1/vtex.minicart@2.63.5/public/@types/vtex.minicart",
      "vtex.modal-layout": "http://vtex.vtexassets.com/_v/public/typings/v1/vtex.modal-layout@0.13.0/public/@types/vtex.modal-layout",
      "vtex.order-placed": "http://vtex.vtexassets.com/_v/public/typings/v1/vtex.order-placed@2.16.0/public/@types/vtex.order-placed",
      "vtex.product-bookmark-interfaces": "http://vtex.vtexassets.com/_v/public/typings/v1/vtex.product-bookmark-interfaces@1.0.1/public/@types/vtex.product-bookmark-interfaces",
      "vtex.product-customizer": "http://vtex.vtexassets.com/_v/public/typings/v1/vtex.product-customizer@2.11.2/public/@types/vtex.product-customizer",
      "vtex.product-details": "http://vtex.vtexassets.com/_v/public/typings/v1/vtex.product-details@1.21.0/public/@types/vtex.product-details",
      "vtex.product-highlights": "http://vtex.vtexassets.com/_v/public/typings/v1/vtex.product-highlights@2.2.2/public/@types/vtex.product-highlights",
      "vtex.product-identifier": "http://vtex.vtexassets.com/_v/public/typings/v1/vtex.product-identifier@0.4.0/public/@types/vtex.product-identifier",
      "vtex.product-kit": "http://vtex.vtexassets.com/_v/public/typings/v1/vtex.product-kit@1.10.2/public/_types/react",
      "vtex.product-list": "http://vtex.vtexassets.com/_v/public/typings/v1/vtex.product-list@0.35.1/public/@types/vtex.product-list",
      "vtex.product-price": "http://vtex.vtexassets.com/_v/public/typings/v1/vtex.product-price@1.29.0/public/@types/vtex.product-price",
      "vtex.product-quantity": "http://vtex.vtexassets.com/_v/public/typings/v1/vtex.product-quantity@1.8.1/public/@types/vtex.product-quantity",
      "vtex.product-specification-badges": "http://vtex.vtexassets.com/_v/public/typings/v1/vtex.product-specification-badges@0.3.0/public/@types/vtex.product-specification-badges",
      "vtex.product-summary": "http://vtex.vtexassets.com/_v/public/typings/v1/vtex.product-summary@2.80.1/public/@types/vtex.product-summary",
      "vtex.render-runtime": "http://vtex.vtexassets.com/_v/public/typings/v1/vtex.render-runtime@8.132.4/public/@types/vtex.render-runtime",
      "vtex.responsive-layout": "http://vtex.vtexassets.com/_v/public/typings/v1/vtex.responsive-layout@0.1.2/public/@types/vtex.responsive-layout",
      "vtex.reviews-and-ratings": "http://vtex.vtexassets.com/_v/public/typings/v1/vtex.reviews-and-ratings@3.11.1/public/@types/vtex.reviews-and-ratings",
      "vtex.search-result": "http://vtex.vtexassets.com/_v/public/typings/v1/vtex.search-result@3.118.16/public/@types/vtex.search-result",
      "vtex.shelf": "http://vtex.vtexassets.com/_v/public/typings/v1/vtex.shelf@1.47.2/public/@types/vtex.shelf",
      "vtex.slider": "http://vtex.vtexassets.com/_v/public/typings/v1/vtex.slider@0.8.3/public/@types/vtex.slider",
      "vtex.slider-layout": "http://vtex.vtexassets.com/_v/public/typings/v1/vtex.slider-layout@0.23.0/public/@types/vtex.slider-layout",
      "vtex.stack-layout": "http://vtex.vtexassets.com/_v/public/typings/v1/vtex.stack-layout@0.1.0/public/@types/vtex.stack-layout",
      "vtex.sticky-layout": "http://vtex.vtexassets.com/_v/public/typings/v1/vtex.sticky-layout@0.3.4/public/@types/vtex.sticky-layout",
      "vtex.store": "http://vtex.vtexassets.com/_v/public/typings/v1/vtex.store@2.127.0/public/@types/vtex.store",
      "vtex.store-components": "http://vtex.vtexassets.com/_v/public/typings/v1/vtex.store-components@3.162.2/public/@types/vtex.store-components",
      "vtex.store-drawer": "http://vtex.vtexassets.com/_v/public/typings/v1/vtex.store-drawer@0.16.2/public/@types/vtex.store-drawer",
      "vtex.store-footer": "http://vtex.vtexassets.com/_v/public/typings/v1/vtex.store-footer@2.25.0/public/@types/vtex.store-footer",
      "vtex.store-header": "http://vtex.vtexassets.com/_v/public/typings/v1/vtex.store-header@2.28.0/public/@types/vtex.store-header",
      "vtex.store-icons": "http://vtex.vtexassets.com/_v/public/typings/v1/vtex.store-icons@0.18.0/public/@types/vtex.store-icons",
      "vtex.store-image": "http://vtex.vtexassets.com/_v/public/typings/v1/vtex.store-image@0.15.0/public/@types/vtex.store-image",
      "vtex.styleguide": "http://vtex.vtexassets.com/_v/public/typings/v1/vtex.styleguide@9.146.3/public/@types/vtex.styleguide",
      "vtex.tab-layout": "http://vtex.vtexassets.com/_v/public/typings/v1/vtex.tab-layout@0.4.3/public/@types/vtex.tab-layout",
      "vtex.telemarketing": "http://vtex.vtexassets.com/_v/public/typings/v1/vtex.telemarketing@2.11.1/public/@types/vtex.telemarketing"
    },
    "scripts": {
      "test": "echo \"Error: no test specified\" && exit 1"
    },
    "author": "",
    "license": "ISC"
  }

yarn manifest: 
  No manifest

Lockfile: 
  # THIS IS AN AUTOGENERATED FILE. DO NOT EDIT THIS FILE DIRECTLY.
  # yarn lockfile v1
  
  
  "brofitwear.store-theme@https://brofitweario--brofitwear.myvtex.com/_v/private/typings/linked/v1/brofitwear.store-theme@5.1.0+build1663978872/public/@types/brofitwear.store-theme":
    version "5.1.0"
    resolved "https://brofitweario--brofitwear.myvtex.com/_v/private/typings/linked/v1/brofitwear.store-theme@5.1.0+build1663978872/public/@types/brofitwear.store-theme#4f2baab9e40d501646147d7cc2a506725b7496c1"
  
  "vtex.add-to-cart-button@http://vtex.vtexassets.com/_v/public/typings/v1/vtex.add-to-cart-button@0.28.0/public/@types/vtex.add-to-cart-button":
    version "0.28.0"
    resolved "http://vtex.vtexassets.com/_v/public/typings/v1/vtex.add-to-cart-button@0.28.0/public/@types/vtex.add-to-cart-button#9d9b0ead453d431c1a5277077614735851526e61"
  
  "vtex.breadcrumb@http://vtex.vtexassets.com/_v/public/typings/v1/vtex.breadcrumb@1.9.4/public/@types/vtex.breadcrumb":
    version "1.9.4"
    resolved "http://vtex.vtexassets.com/_v/public/typings/v1/vtex.breadcrumb@1.9.4/public/@types/vtex.breadcrumb#624d6ddbd839bccd2b08e10f0f5f4a0509de834b"
  
  "vtex.checkout-summary@http://vtex.vtexassets.com/_v/public/typings/v1/vtex.checkout-summary@0.21.0/public/@types/vtex.checkout-summary":
    version "0.21.0"
    resolved "http://vtex.vtexassets.com/_v/public/typings/v1/vtex.checkout-summary@0.21.0/public/@types/vtex.checkout-summary#9d73508dd858775d54dde039d5e53a04c1ec509d"
  
  "vtex.css-handles@http://vtex.vtexassets.com/_v/public/typings/v1/vtex.css-handles@1.0.0/public/@types/vtex.css-handles":
    version "1.0.0"
    resolved "http://vtex.vtexassets.com/_v/public/typings/v1/vtex.css-handles@1.0.0/public/@types/vtex.css-handles#336b23ef3a9bcb2b809529ba736783acd405d081"
  
  "vtex.disclosure-layout@http://vtex.vtexassets.com/_v/public/typings/v1/vtex.disclosure-layout@1.0.3/public/@types/vtex.disclosure-layout":
    version "1.0.3"
    resolved "http://vtex.vtexassets.com/_v/public/typings/v1/vtex.disclosure-layout@1.0.3/public/@types/vtex.disclosure-layout#15590cd6a3f23e5a7591d76ad1a44b5c0c6a088a"
  
  "vtex.flex-layout@http://vtex.vtexassets.com/_v/public/typings/v1/vtex.flex-layout@0.20.1/public/@types/vtex.flex-layout":
    version "0.20.1"
    resolved "http://vtex.vtexassets.com/_v/public/typings/v1/vtex.flex-layout@0.20.1/public/@types/vtex.flex-layout#dce9424c910091f0ba1f5229ce8ae80c9f7b7765"
  
  "vtex.login@http://vtex.vtexassets.com/_v/public/typings/v1/vtex.login@2.53.0/public/@types/vtex.login":
    version "2.53.0"
    resolved "http://vtex.vtexassets.com/_v/public/typings/v1/vtex.login@2.53.0/public/@types/vtex.login#1c75e2011b491ad683281d0447d476c51d37ac68"
  
  "vtex.menu@http://vtex.vtexassets.com/_v/public/typings/v1/vtex.menu@2.34.25/public/@types/vtex.menu":
    version "2.34.25"
    resolved "http://vtex.vtexassets.com/_v/public/typings/v1/vtex.menu@2.34.25/public/@types/vtex.menu#3f4c3aa3b5f8c396d1a630703862d354681ae5a2"
  
  "vtex.minicart@http://vtex.vtexassets.com/_v/public/typings/v1/vtex.minicart@2.63.5/public/@types/vtex.minicart":
    version "2.63.5"
    resolved "http://vtex.vtexassets.com/_v/public/typings/v1/vtex.minicart@2.63.5/public/@types/vtex.minicart#1a7763f5187241bd709beecd2a81ab5d96bd50be"
  
  "vtex.modal-layout@http://vtex.vtexassets.com/_v/public/typings/v1/vtex.modal-layout@0.13.0/public/@types/vtex.modal-layout":
    version "0.13.0"
    resolved "http://vtex.vtexassets.com/_v/public/typings/v1/vtex.modal-layout@0.13.0/public/@types/vtex.modal-layout#394972b7d8c7ecd9ea941785c39cd873fbe37fad"
  
  "vtex.order-placed@http://vtex.vtexassets.com/_v/public/typings/v1/vtex.order-placed@2.16.0/public/@types/vtex.order-placed":
    version "2.16.0"
    resolved "http://vtex.vtexassets.com/_v/public/typings/v1/vtex.order-placed@2.16.0/public/@types/vtex.order-placed#c8b407e53409bb8d915934d3d74f73264746713b"
  
  "vtex.product-bookmark-interfaces@http://vtex.vtexassets.com/_v/public/typings/v1/vtex.product-bookmark-interfaces@1.0.1/public/@types/vtex.product-bookmark-interfaces":
    version "1.0.1"
    resolved "http://vtex.vtexassets.com/_v/public/typings/v1/vtex.product-bookmark-interfaces@1.0.1/public/@types/vtex.product-bookmark-interfaces#2c26815e4afa45b2e254a23e5abb356424bb09e7"
  
  "vtex.product-customizer@http://vtex.vtexassets.com/_v/public/typings/v1/vtex.product-customizer@2.11.2/public/@types/vtex.product-customizer":
    version "2.11.2"
    resolved "http://vtex.vtexassets.com/_v/public/typings/v1/vtex.product-customizer@2.11.2/public/@types/vtex.product-customizer#d3bb0f7c49be9bd2553fb38ce206a20a8869f5c6"
  
  "vtex.product-details@http://vtex.vtexassets.com/_v/public/typings/v1/vtex.product-details@1.21.0/public/@types/vtex.product-details":
    version "1.21.0"
    resolved "http://vtex.vtexassets.com/_v/public/typings/v1/vtex.product-details@1.21.0/public/@types/vtex.product-details#e1c86843e16576ea6b7140546c88783af3f48ac1"
  
  "vtex.product-highlights@http://vtex.vtexassets.com/_v/public/typings/v1/vtex.product-highlights@2.2.2/public/@types/vtex.product-highlights":
    version "2.2.2"
    resolved "http://vtex.vtexassets.com/_v/public/typings/v1/vtex.product-highlights@2.2.2/public/@types/vtex.product-highlights#2f9f8854c8ab52b585eb2fd52dcd262e5e451e8f"
  
  "vtex.product-identifier@http://vtex.vtexassets.com/_v/public/typings/v1/vtex.product-identifier@0.4.0/public/@types/vtex.product-identifier":
    version "0.4.0"
    resolved "http://vtex.vtexassets.com/_v/public/typings/v1/vtex.product-identifier@0.4.0/public/@types/vtex.product-identifier#ad8ae45d5816e5424f5156c4a2d4ee98c84a1f6d"
  
  "vtex.product-kit@http://vtex.vtexassets.com/_v/public/typings/v1/vtex.product-kit@1.10.2/public/_types/react":
    version "0.0.0"
    resolved "http://vtex.vtexassets.com/_v/public/typings/v1/vtex.product-kit@1.10.2/public/_types/react#fa7a0347e046eab3dd768998fc9252b2c0dd5aef"
  
  "vtex.product-list@http://vtex.vtexassets.com/_v/public/typings/v1/vtex.product-list@0.35.1/public/@types/vtex.product-list":
    version "0.35.1"
    resolved "http://vtex.vtexassets.com/_v/public/typings/v1/vtex.product-list@0.35.1/public/@types/vtex.product-list#1f7363bbde3bce1a0f58b2f9bdad8c632aac496d"
  
  "vtex.product-price@http://vtex.vtexassets.com/_v/public/typings/v1/vtex.product-price@1.29.0/public/@types/vtex.product-price":
    version "1.29.0"
    resolved "http://vtex.vtexassets.com/_v/public/typings/v1/vtex.product-price@1.29.0/public/@types/vtex.product-price#5c16a7700bc23b03ad1af685dac22bda36b1cd53"
  
  "vtex.product-quantity@http://vtex.vtexassets.com/_v/public/typings/v1/vtex.product-quantity@1.8.1/public/@types/vtex.product-quantity":
    version "1.8.1"
    resolved "http://vtex.vtexassets.com/_v/public/typings/v1/vtex.product-quantity@1.8.1/public/@types/vtex.product-quantity#170c9cfb981d41dc99f1977467eebaac28f1945d"
  
  "vtex.product-specification-badges@http://vtex.vtexassets.com/_v/public/typings/v1/vtex.product-specification-badges@0.3.0/public/@types/vtex.product-specification-badges":
    version "0.3.0"
    resolved "http://vtex.vtexassets.com/_v/public/typings/v1/vtex.product-specification-badges@0.3.0/public/@types/vtex.product-specification-badges#2df6b189acfabf642504df02d7b8ad406ee90c07"
  
  "vtex.product-summary@http://vtex.vtexassets.com/_v/public/typings/v1/vtex.product-summary@2.80.1/public/@types/vtex.product-summary":
    version "2.80.1"
    resolved "http://vtex.vtexassets.com/_v/public/typings/v1/vtex.product-summary@2.80.1/public/@types/vtex.product-summary#1210c99a487010c96c987033056e81437dcb289a"
  
  "vtex.render-runtime@http://vtex.vtexassets.com/_v/public/typings/v1/vtex.render-runtime@8.132.4/public/@types/vtex.render-runtime":
    version "8.132.4"
    resolved "http://vtex.vtexassets.com/_v/public/typings/v1/vtex.render-runtime@8.132.4/public/@types/vtex.render-runtime#66bb41bd4d342e37c9d85172aad5f7eefebfb6dc"
  
  "vtex.responsive-layout@http://vtex.vtexassets.com/_v/public/typings/v1/vtex.responsive-layout@0.1.2/public/@types/vtex.responsive-layout":
    version "0.1.2"
    resolved "http://vtex.vtexassets.com/_v/public/typings/v1/vtex.responsive-layout@0.1.2/public/@types/vtex.responsive-layout#e33f23a78afb3ffb8ff8aedc77b1ca6728583e72"
  
  "vtex.reviews-and-ratings@http://vtex.vtexassets.com/_v/public/typings/v1/vtex.reviews-and-ratings@3.11.1/public/@types/vtex.reviews-and-ratings":
    version "3.11.1"
    resolved "http://vtex.vtexassets.com/_v/public/typings/v1/vtex.reviews-and-ratings@3.11.1/public/@types/vtex.reviews-and-ratings#e507e3dbb1db96e348e912cad54c11e221e2b467"
  
  "vtex.search-result@http://vtex.vtexassets.com/_v/public/typings/v1/vtex.search-result@3.118.16/public/@types/vtex.search-result":
    version "3.118.16"
    resolved "http://vtex.vtexassets.com/_v/public/typings/v1/vtex.search-result@3.118.16/public/@types/vtex.search-result#faaa62bee6fb7661bf4eb6bfda22e066d4bc61b1"
  
  "vtex.shelf@http://vtex.vtexassets.com/_v/public/typings/v1/vtex.shelf@1.47.2/public/@types/vtex.shelf":
    version "1.47.2"
    resolved "http://vtex.vtexassets.com/_v/public/typings/v1/vtex.shelf@1.47.2/public/@types/vtex.shelf#9b61c9584703c48d5fa0b7db12d13fe12e0a247c"
  
  "vtex.slider-layout@http://vtex.vtexassets.com/_v/public/typings/v1/vtex.slider-layout@0.23.0/public/@types/vtex.slider-layout":
    version "0.23.0"
    resolved "http://vtex.vtexassets.com/_v/public/typings/v1/vtex.slider-layout@0.23.0/public/@types/vtex.slider-layout#cfb7246c982a5133f75a78bba92e3c1b64cae4c4"
  
  "vtex.slider@http://vtex.vtexassets.com/_v/public/typings/v1/vtex.slider@0.8.3/public/@types/vtex.slider":
    version "0.8.3"
    resolved "http://vtex.vtexassets.com/_v/public/typings/v1/vtex.slider@0.8.3/public/@types/vtex.slider#9b7be08012a5d3ec41fdc651235a964cb5f7db85"
  
  "vtex.stack-layout@http://vtex.vtexassets.com/_v/public/typings/v1/vtex.stack-layout@0.1.0/public/@types/vtex.stack-layout":
    version "0.1.0"
    resolved "http://vtex.vtexassets.com/_v/public/typings/v1/vtex.stack-layout@0.1.0/public/@types/vtex.stack-layout#79bcd9f70b4b6926b85686be14879a3b90d52c63"
  
  "vtex.sticky-layout@http://vtex.vtexassets.com/_v/public/typings/v1/vtex.sticky-layout@0.3.4/public/@types/vtex.sticky-layout":
    version "0.3.4"
    resolved "http://vtex.vtexassets.com/_v/public/typings/v1/vtex.sticky-layout@0.3.4/public/@types/vtex.sticky-layout#5b786d6f9ab0a40e4997c955a75885eee32515ef"
  
  "vtex.store-components@http://vtex.vtexassets.com/_v/public/typings/v1/vtex.store-components@3.162.2/public/@types/vtex.store-components":
    version "3.162.2"
    resolved "http://vtex.vtexassets.com/_v/public/typings/v1/vtex.store-components@3.162.2/public/@types/vtex.store-components#f065b741b78c044c2f5f6549b6c1b1afd5a227c7"
  
  "vtex.store-drawer@http://vtex.vtexassets.com/_v/public/typings/v1/vtex.store-drawer@0.16.2/public/@types/vtex.store-drawer":
    version "0.16.2"
    resolved "http://vtex.vtexassets.com/_v/public/typings/v1/vtex.store-drawer@0.16.2/public/@types/vtex.store-drawer#3e3a0e07babcf623922f1eb0c85185bcd12b8002"
  
  "vtex.store-footer@http://vtex.vtexassets.com/_v/public/typings/v1/vtex.store-footer@2.25.0/public/@types/vtex.store-footer":
    version "2.25.0"
    resolved "http://vtex.vtexassets.com/_v/public/typings/v1/vtex.store-footer@2.25.0/public/@types/vtex.store-footer#8a6c11f53c281793609b03b205f5f7cadac70b4f"
  
  "vtex.store-header@http://vtex.vtexassets.com/_v/public/typings/v1/vtex.store-header@2.28.0/public/@types/vtex.store-header":
    version "2.28.0"
    resolved "http://vtex.vtexassets.com/_v/public/typings/v1/vtex.store-header@2.28.0/public/@types/vtex.store-header#4aa32ed928e0a3ff6b6d4bd35bc3f1641988c1a8"
  
  "vtex.store-icons@http://vtex.vtexassets.com/_v/public/typings/v1/vtex.store-icons@0.18.0/public/@types/vtex.store-icons":
    version "0.18.0"
    resolved "http://vtex.vtexassets.com/_v/public/typings/v1/vtex.store-icons@0.18.0/public/@types/vtex.store-icons#0ee94d549aa283ce3a13ab987c13eac4fdfd1bba"
  
  "vtex.store-image@http://vtex.vtexassets.com/_v/public/typings/v1/vtex.store-image@0.15.0/public/@types/vtex.store-image":
    version "0.15.0"
    resolved "http://vtex.vtexassets.com/_v/public/typings/v1/vtex.store-image@0.15.0/public/@types/vtex.store-image#5f96a89b8eccce7ac86e487d4c61d96f770bf785"
  
  "vtex.store@http://vtex.vtexassets.com/_v/public/typings/v1/vtex.store@2.127.0/public/@types/vtex.store":
    version "2.127.0"
    resolved "http://vtex.vtexassets.com/_v/public/typings/v1/vtex.store@2.127.0/public/@types/vtex.store#d78eafaef1ea6f4e87cbc7adc869bff44e437329"
  
  "vtex.styleguide@http://vtex.vtexassets.com/_v/public/typings/v1/vtex.styleguide@9.146.3/public/@types/vtex.styleguide":
    version "9.146.3"
    resolved "http://vtex.vtexassets.com/_v/public/typings/v1/vtex.styleguide@9.146.3/public/@types/vtex.styleguide#05558160f29cd8f4aefe419844a4bd66e2b3fdbb"
  
  "vtex.tab-layout@http://vtex.vtexassets.com/_v/public/typings/v1/vtex.tab-layout@0.4.3/public/@types/vtex.tab-layout":
    version "0.4.3"
    resolved "http://vtex.vtexassets.com/_v/public/typings/v1/vtex.tab-layout@0.4.3/public/@types/vtex.tab-layout#579ee7ffabb55ce7ed271b0af1015f41c49b7f30"
  
  "vtex.telemarketing@http://vtex.vtexassets.com/_v/public/typings/v1/vtex.telemarketing@2.11.1/public/@types/vtex.telemarketing":
    version "2.11.1"
    resolved "http://vtex.vtexassets.com/_v/public/typings/v1/vtex.telemarketing@2.11.1/public/@types/vtex.telemarketing#747a47bc888fce4032b384338dfc45c1f3e538ce"
